<?xml version="1.0" encoding="UTF-8"?>
<testng-results ignored="0" total="2" passed="2" failed="0" skipped="0">
  <reporter-output>
  </reporter-output>
  <suite started-at="2025-01-11T19:31:28 IST" name="API Test Suite" finished-at="2025-01-11T19:31:34 IST" duration-ms="5373">
    <groups>
    </groups>
    <test started-at="2025-01-11T19:31:28 IST" name="API Tests running parallely" finished-at="2025-01-11T19:31:34 IST" duration-ms="5373">
      <class name="com.api.tests.ForgotPasswordTest">
        <test-method signature="forgotPassword()[pri:0, instance:com.api.tests.ForgotPasswordTest@48aaecc3]" started-at="2025-01-11T19:31:28 IST" name="forgotPassword" description="Verify if thr forgot password API is working..." finished-at="2025-01-11T19:31:34 IST" duration-ms="5319" status="PASS">
          <reporter-output>
          </reporter-output>
        </test-method> <!-- forgotPassword -->
      </class> <!-- com.api.tests.ForgotPasswordTest -->
      <class name="com.api.tests.LoginAPITest">
        <test-method signature="loginTest()[pri:0, instance:com.api.tests.LoginAPITest@794cb805]" started-at="2025-01-11T19:31:28 IST" name="loginTest" description="Verify if the Login API is working..." finished-at="2025-01-11T19:31:32 IST" duration-ms="3274" status="PASS">
          <reporter-output>
          </reporter-output>
        </test-method> <!-- loginTest -->
      </class> <!-- com.api.tests.LoginAPITest -->
    </test> <!-- API Tests running parallely -->
  </suite> <!-- API Test Suite -->
</testng-results>
