<?xml version="1.0" encoding="UTF-8"?>
<testsuite xmlns:xsi="http://www.w3.org/2001/XMLSchema-instance" xsi:noNamespaceSchemaLocation="https://maven.apache.org/surefire/maven-surefire-plugin/xsd/surefire-test-report-3.0.xsd" version="3.0" name="TestSuite" time="6.674" tests="2" errors="0" skipped="0" failures="0">
  <properties>
[...]
</properties>
  <testcase name="loginTest" classname="com.api.tests.LoginAPITest" time="3.272">
    <system-out><![CDATA[19:31:28.848 [main] INFO  com.api.listeners.TestListeners - Test Suite Started!!
19:31:28.897 [TestNG-test-API Tests running parallely-1] INFO  com.api.listeners.TestListeners - Started!! loginTest
19:31:28.897 [TestNG-test-API Tests running parallely-2] INFO  com.api.listeners.TestListeners - Started!! forgotPassword
19:31:28.898 [TestNG-test-API Tests running parallely-1] INFO  com.api.listeners.TestListeners - Description!! Verify if the Login API is working...
19:31:28.898 [TestNG-test-API Tests running parallely-2] INFO  com.api.listeners.TestListeners - Description!! Verify if thr forgot password API is working...
19:31:30.911 [TestNG-test-API Tests running parallely-2] INFO  com.api.filters.LoggingFilters - ===================================================================================
19:31:30.912 [TestNG-test-API Tests running parallely-2] INFO  com.api.filters.LoggingFilters - BASE URI:http://64.227.160.186:8080
19:31:30.912 [TestNG-test-API Tests running parallely-1] INFO  com.api.filters.LoggingFilters - ===================================================================================
19:31:30.912 [TestNG-test-API Tests running parallely-1] INFO  com.api.filters.LoggingFilters - BASE URI:http://64.227.160.186:8080
19:31:30.912 [TestNG-test-API Tests running parallely-2] INFO  com.api.filters.LoggingFilters - Request Header:Accept=*/*
Content-Type=application/json
19:31:30.913 [TestNG-test-API Tests running parallely-1] INFO  com.api.filters.LoggingFilters - Request Header:Accept=*/*
Content-Type=application/json
19:31:30.913 [TestNG-test-API Tests running parallely-2] INFO  com.api.filters.LoggingFilters - Request Payload:{"email":"haidartest2001@gmail.com"}
19:31:30.913 [TestNG-test-API Tests running parallely-1] INFO  com.api.filters.LoggingFilters - Request Payload:{"username":"haidar123","password":"haidar@t123"}
19:31:30.913 [TestNG-test-API Tests running parallely-2] INFO  com.api.filters.LoggingFilters - ===================================================================================
19:31:30.913 [TestNG-test-API Tests running parallely-1] INFO  com.api.filters.LoggingFilters - ===================================================================================
19:31:32.095 [TestNG-test-API Tests running parallely-1] INFO  com.api.filters.LoggingFilters - Status Code:200
19:31:32.096 [TestNG-test-API Tests running parallely-1] INFO  com.api.filters.LoggingFilters - Response Headers:Vary=Origin
Vary=Access-Control-Request-Method
Vary=Access-Control-Request-Headers
Access-Control-Allow-Origin=https://swift.techwithjatin.com
Access-Control-Allow-Methods=GET, POST, PUT, DELETE, OPTIONS
Access-Control-Max-Age=3600
Access-Control-Allow-Headers=Authorization, Content-Type, Accept
Access-Control-Allow-Credentials=true
X-Content-Type-Options=nosniff
X-XSS-Protection=0
Cache-Control=no-cache, no-store, max-age=0, must-revalidate
Pragma=no-cache
Expires=0
X-Frame-Options=DENY
Content-Type=application/json
Transfer-Encoding=chunked
Date=Sat, 11 Jan 2025 14:01:30 GMT
Keep-Alive=timeout=60
Connection=keep-alive
{
    "token": "eyJhbGciOiJIUzI1NiJ9.eyJzdWIiOiJoYWlkYXIxMjMiLCJpYXQiOjE3MzY2MDQwOTAsImV4cCI6MTczNjYwNzY5MH0.IOlOeL8y7PTn7oc6l3g2M_y8cOgbffswfC6-i5VXMYA",
    "type": "Bearer",
    "id": 367,
    "username": "haidar123",
    "email": "haidartest2001@gmail.com",
    "roles": [
        "ROLE_USER"
    ]
}
19:31:32.134 [TestNG-test-API Tests running parallely-1] INFO  com.api.filters.LoggingFilters - Response Body:{
    "token": "eyJhbGciOiJIUzI1NiJ9.eyJzdWIiOiJoYWlkYXIxMjMiLCJpYXQiOjE3MzY2MDQwOTAsImV4cCI6MTczNjYwNzY5MH0.IOlOeL8y7PTn7oc6l3g2M_y8cOgbffswfC6-i5VXMYA",
    "type": "Bearer",
    "id": 367,
    "username": "haidar123",
    "email": "haidartest2001@gmail.com",
    "roles": [
        "ROLE_USER"
    ]
}
19:31:32.134 [TestNG-test-API Tests running parallely-1] INFO  com.api.filters.LoggingFilters - ===================================================================================
]]></system-out>
    <system-err><![CDATA[SLF4J: Failed to load class "org.slf4j.impl.StaticLoggerBinder".
SLF4J: Defaulting to no-operation (NOP) logger implementation
SLF4J: See http://www.slf4j.org/codes.html#StaticLoggerBinder for further details.
]]></system-err>
  </testcase>
  <testcase name="forgotPassword" classname="com.api.tests.ForgotPasswordTest" time="5.315">
    <system-out><![CDATA[19:31:32.170 [TestNG-test-API Tests running parallely-1] INFO  com.api.listeners.TestListeners - Passed!! loginTest
19:31:34.204 [TestNG-test-API Tests running parallely-2] INFO  com.api.filters.LoggingFilters - Status Code:401
19:31:34.204 [TestNG-test-API Tests running parallely-2] INFO  com.api.filters.LoggingFilters - Response Headers:Vary=Origin
Vary=Access-Control-Request-Method
Vary=Access-Control-Request-Headers
Access-Control-Allow-Origin=https://swift.techwithjatin.com
Access-Control-Allow-Methods=GET, POST, PUT, DELETE, OPTIONS
Access-Control-Max-Age=3600
Access-Control-Allow-Headers=Authorization, Content-Type, Accept
Access-Control-Allow-Credentials=true
X-Content-Type-Options=nosniff
X-XSS-Protection=0
Cache-Control=no-cache, no-store, max-age=0, must-revalidate
Pragma=no-cache
Expires=0
X-Frame-Options=DENY
Content-Type=application/json;charset=ISO-8859-1
Content-Length=170
Date=Sat, 11 Jan 2025 14:01:32 GMT
Keep-Alive=timeout=60
Connection=keep-alive
{
    "timestamp": "Sat Jan 11 14:01:32 UTC 2025",
    "status": 401,
    "error": "Unauthorized",
    "message": "Full authentication is required to access this resource",
    "path": "/error"
}
19:31:34.213 [TestNG-test-API Tests running parallely-2] INFO  com.api.filters.LoggingFilters - Response Body:{
    "timestamp": "Sat Jan 11 14:01:32 UTC 2025",
    "status": 401,
    "error": "Unauthorized",
    "message": "Full authentication is required to access this resource",
    "path": "/error"
}
19:31:34.213 [TestNG-test-API Tests running parallely-2] INFO  com.api.filters.LoggingFilters - ===================================================================================
{
    "timestamp": "Sat Jan 11 14:01:32 UTC 2025",
    "status": 401,
    "error": "Unauthorized",
    "message": "Full authentication is required to access this resource",
    "path": "/error"
}
]]></system-out>
  </testcase>
</testsuite>