<?xml version="1.0" encoding="UTF-8"?>
<testng-results ignored="0" total="1" passed="1" failed="0" skipped="0">
  <reporter-output>
  </reporter-output>
  <suite started-at="2025-01-05T22:19:41 IST" name="API Test Suite" finished-at="2025-01-05T22:19:44 IST" duration-ms="2924">
    <groups>
    </groups>
    <test started-at="2025-01-05T22:19:41 IST" name="API Tests" finished-at="2025-01-05T22:19:44 IST" duration-ms="2924">
      <class name="com.api.tests.LoginAPITest">
        <test-method signature="loginTest()[pri:0, instance:com.api.tests.LoginAPITest@5b239d7d]" started-at="2025-01-05T22:19:41 IST" name="loginTest" description="Verify if the Login API is working..." finished-at="2025-01-05T22:19:44 IST" duration-ms="2862" status="PASS">
          <reporter-output>
          </reporter-output>
        </test-method> <!-- loginTest -->
      </class> <!-- com.api.tests.LoginAPITest -->
    </test> <!-- API Tests -->
  </suite> <!-- API Test Suite -->
</testng-results>
